[4mRunning "connect:server" (connect) task[24m
Starting connect web server on localhost:8000.

[4mRunning "watch" task[24m
Waiting...[31mFatal error: Port 8000 is already in use by another process.[39m
[4mRunning "connect:server" (connect) task[24m
Starting connect web server on localhost:8000.

[4mRunning "watch" task[24m
Waiting...[4mRunning "connect:server" (connect) task[24m
Starting connect web server on localhost:8000.

[4mRunning "watch" task[24m
Waiting...[4mRunning "connect:server" (connect) task[24m
Starting connect web server on localhost:8000.

[4mRunning "watch" task[24m
Waiting...[4mRunning "connect:server" (connect) task[24m
Starting connect web server on localhost:8000.

[4mRunning "watch" task[24m
Waiting...[4mRunning "connect:server" (connect) task[24m
Starting connect web server on localhost:8000.

[4mRunning "watch" task[24m
Waiting...[31mFatal error: Port 8000 is already in use by another process.[39m
[4mRunning "connect:server" (connect) task[24m
Starting connect web server on localhost:8000.

[4mRunning "watch" task[24m
Waiting...[4mRunning "connect:server" (connect) task[24m
Starting connect web server on localhost:8000.

[4mRunning "watch" task[24m
Waiting...[4mRunning "connect:server" (connect) task[24m
Starting connect web server on localhost:8000.

[4mRunning "watch" task[24m
Waiting...[4mRunning "connect:server" (connect) task[24m
Starting connect web server on localhost:8000.

[4mRunning "watch" task[24m
Waiting...[4mRunning "connect:server" (connect) task[24m
Starting connect web server on localhost:8000.

[4mRunning "watch" task[24m
Waiting...[4mRunning "connect:server" (connect) task[24m
Starting connect web server on localhost:8000.

[4mRunning "watch" task[24m
Waiting...[4mRunning "connect:server" (connect) task[24m
Starting connect web server on localhost:8000.

[4mRunning "watch" task[24m
Waiting...[4mRunning "connect:server" (connect) task[24m
Starting connect web server on localhost:8000.

[4mRunning "watch" task[24m
Waiting...[4mRunning "connect:server" (connect) task[24m
Starting connect web server on localhost:8000.

[4mRunning "watch" task[24m
Waiting...[4mRunning "connect:server" (connect) task[24m
Starting connect web server on localhost:8000.

[4mRunning "watch" task[24m
Waiting...[4mRunning "connect:server" (connect) task[24m
Starting connect web server on localhost:8000.

[4mRunning "watch" task[24m
Waiting...